2024-07-08T01:00:54.814Z info: Servidor escuchando en http://localhost:8080
2024-07-08T01:03:19.648Z info: Servidor escuchando en http://localhost:8080
2024-07-08T01:05:15.361Z debug: Mensaje de debug
2024-07-08T01:05:15.361Z info: Mensaje de info
2024-07-08T01:05:15.362Z warn: Mensaje de advertencia
2024-07-08T01:05:15.362Z error: Mensaje de error
2024-07-08T01:05:58.652Z error: Error en getAll: Cannot read properties of undefined (reading 'cartId')
2024-07-08T01:10:46.702Z info: Servidor escuchando en http://localhost:8080
2024-07-08T01:14:59.441Z info: Servidor escuchando en http://localhost:8080
2024-07-08T01:20:45.667Z info: Servidor escuchando en http://localhost:8080
2024-07-08T01:56:20.181Z info: Servidor escuchando en http://localhost:8080
2024-07-08T02:17:10.027Z info: Servidor escuchando en http://localhost:8080
2024-07-08T02:23:53.061Z info: Servidor escuchando en http://localhost:8080
2024-07-08T02:24:31.683Z info: Servidor escuchando en http://localhost:8080
2024-07-08T02:24:44.259Z error: Error en getAll: Cannot read properties of undefined (reading 'cartId')
2024-07-08T02:26:39.640Z info: Servidor escuchando en http://localhost:8080
2024-07-08T02:26:50.375Z info: Servidor escuchando en http://localhost:8080
2024-07-08T02:52:45.932Z info: Servidor escuchando en http://localhost:8080
2024-07-08T02:53:55.820Z info: Servidor escuchando en http://localhost:8080
2024-07-08T03:14:50.694Z info: Servidor escuchando en http://localhost:8080
2024-07-08T20:53:37.652Z info: Servidor escuchando en http://localhost:8080
2024-07-09T11:32:07.051Z error: Error en getAll: Cannot read properties of undefined (reading 'cartId')
2024-07-09T12:44:29.173Z error: Error en getAll: Cannot read properties of undefined (reading 'cartId')
2024-07-09T12:48:13.355Z info: Servidor escuchando en http://localhost:8080
2024-07-09T15:59:28.849Z info: Servidor escuchando en http://localhost:8080
2024-07-09T16:07:54.110Z info: Servidor escuchando en http://localhost:8080
2024-07-09T16:07:59.258Z info: Servidor escuchando en http://localhost:8080
